<?xml version="1.0" encoding="UTF-8"?><testrun name="AverageEduFemaleTest (1)" project="AverageEducationFemale" tests="1" started="1" failures="1" errors="0" ignored="0">
  <testsuite name="com.revature.test.AverageEduFemaleTest" time="1.216">
    <testcase name="testMapper" classname="com.revature.test.AverageEduFemaleTest" time="1.216">
      <failure>java.lang.AssertionError: 22 Error(s): (Missing expected output (United States, 0.39679999999999893) at position 4., Missing expected output (United States, 0.7822099999999992) at position 7., Missing expected output (United States, 1.3011800000000022) at position 10., Missing expected output (United States, -0.39848999999999535) at position 0., Missing expected output (United States, 0.7890599999999992) at position 1., Missing expected output (United States, 0.8940100000000015) at position 8., Missing expected output (United States, 1.0233300000000014) at position 5., Missing expected output (United States, 0.6527200000000022) at position 3., Missing expected output (United States, 0.7452699999999979) at position 6., Missing expected output (United States, 1.347835) at position 9., Missing expected output (United States, 0.9687599999999961) at position 2., Received unexpected output (United States, 1.0233268737792969) at position 5., Received unexpected output (United States, -0.39849090576171875) at position 0., Received unexpected output (United States, 0.7890625) at position 1., Received unexpected output (United States, 0.9687576293945312) at position 2., Received unexpected output (United States, 0.6527214050292969) at position 3., Received unexpected output (United States, 0.3968009948730469) at position 4., Received unexpected output (United States, 0.7452735900878906) at position 6., Received unexpected output (United States, 0.7822074890136719) at position 7., Received unexpected output (United States, 0.894012451171875) at position 8., Received unexpected output (United States, 1.3478336334228516) at position 9., Received unexpected output (United States, 1.3011817932128906) at position 10.)
	at org.junit.Assert.fail(Assert.java:88)
	at org.apache.hadoop.mrunit.TestDriver.validate(TestDriver.java:294)
	at org.apache.hadoop.mrunit.MapDriverBase.runTest(MapDriverBase.java:151)
	at org.apache.hadoop.mrunit.TestDriver.runTest(TestDriver.java:137)
	at com.revature.test.AverageEduFemaleTest.testMapper(AverageEduFemaleTest.java:69)
	at sun.reflect.NativeMethodAccessorImpl.invoke0(Native Method)
	at sun.reflect.NativeMethodAccessorImpl.invoke(NativeMethodAccessorImpl.java:62)
	at sun.reflect.DelegatingMethodAccessorImpl.invoke(DelegatingMethodAccessorImpl.java:43)
	at java.lang.reflect.Method.invoke(Method.java:498)
	at org.junit.runners.model.FrameworkMethod$1.runReflectiveCall(FrameworkMethod.java:50)
	at org.junit.internal.runners.model.ReflectiveCallable.run(ReflectiveCallable.java:12)
	at org.junit.runners.model.FrameworkMethod.invokeExplosively(FrameworkMethod.java:47)
	at org.junit.internal.runners.statements.InvokeMethod.evaluate(InvokeMethod.java:17)
	at org.junit.internal.runners.statements.RunBefores.evaluate(RunBefores.java:26)
	at org.junit.runners.ParentRunner.runLeaf(ParentRunner.java:325)
	at org.junit.runners.BlockJUnit4ClassRunner.runChild(BlockJUnit4ClassRunner.java:78)
	at org.junit.runners.BlockJUnit4ClassRunner.runChild(BlockJUnit4ClassRunner.java:57)
	at org.junit.runners.ParentRunner$3.run(ParentRunner.java:290)
	at org.junit.runners.ParentRunner$1.schedule(ParentRunner.java:71)
	at org.junit.runners.ParentRunner.runChildren(ParentRunner.java:288)
	at org.junit.runners.ParentRunner.access$000(ParentRunner.java:58)
	at org.junit.runners.ParentRunner$2.evaluate(ParentRunner.java:268)
	at org.junit.runners.ParentRunner.run(ParentRunner.java:363)
	at org.eclipse.jdt.internal.junit4.runner.JUnit4TestReference.run(JUnit4TestReference.java:50)
	at org.eclipse.jdt.internal.junit.runner.TestExecution.run(TestExecution.java:38)
	at org.eclipse.jdt.internal.junit.runner.RemoteTestRunner.runTests(RemoteTestRunner.java:459)
	at org.eclipse.jdt.internal.junit.runner.RemoteTestRunner.runTests(RemoteTestRunner.java:675)
	at org.eclipse.jdt.internal.junit.runner.RemoteTestRunner.run(RemoteTestRunner.java:382)
	at org.eclipse.jdt.internal.junit.runner.RemoteTestRunner.main(RemoteTestRunner.java:192)

</failure>
    </testcase>
  </testsuite>
</testrun>
